<?xml version="1.0" encoding="UTF-8"?>
<testng-results total="2" passed="2" failed="0" skipped="0">
  <reporter-output>
  </reporter-output>
  <suite started-at="2018-07-08T16:51:37Z" name="BDD Test Suite" finished-at="2018-07-08T16:51:37Z" duration-ms="384">
    <groups>
      <group name="cucumber">
        <method signature="TestRunner.feature(cucumber.api.testng.CucumberFeatureWrapper)[pri:0, instance:TestRunner@16d04d3d]" name="feature" class="TestRunner"/>
      </group> <!-- cucumber -->
    </groups>
    <test started-at="2018-07-08T16:51:37Z" name="Login and Update Profile Test" finished-at="2018-07-08T16:51:37Z" duration-ms="384">
      <class name="TestRunner">
        <test-method is-config="true" signature="setUpClass()[pri:0, instance:TestRunner@16d04d3d]" started-at="2018-07-08T17:51:37Z" name="setUpClass" finished-at="2018-07-08T17:51:37Z" duration-ms="120" status="PASS">
          <reporter-output>
          </reporter-output>
        </test-method> <!-- setUpClass -->
        <test-method signature="feature(cucumber.api.testng.CucumberFeatureWrapper)[pri:0, instance:TestRunner@16d04d3d]" started-at="2018-07-08T17:51:37Z" name="feature" description="Runs Cucumber Feature" data-provider="features" finished-at="2018-07-08T17:51:37Z" duration-ms="116" status="PASS">
          <params>
            <param index="0">
              <value>
                <![CDATA[Login Profile]]>
              </value>
            </param>
          </params>
          <reporter-output>
          </reporter-output>
        </test-method> <!-- feature -->
        <test-method signature="feature(cucumber.api.testng.CucumberFeatureWrapper)[pri:0, instance:TestRunner@16d04d3d]" started-at="2018-07-08T17:51:37Z" name="feature" description="Runs Cucumber Feature" data-provider="features" finished-at="2018-07-08T17:51:37Z" duration-ms="37" status="PASS">
          <params>
            <param index="0">
              <value>
                <![CDATA[Update Profile]]>
              </value>
            </param>
          </params>
          <reporter-output>
          </reporter-output>
        </test-method> <!-- feature -->
        <test-method is-config="true" signature="tearDownClass()[pri:0, instance:TestRunner@16d04d3d]" started-at="2018-07-08T17:51:37Z" name="tearDownClass" finished-at="2018-07-08T17:51:37Z" duration-ms="47" status="PASS">
          <reporter-output>
          </reporter-output>
        </test-method> <!-- tearDownClass -->
      </class> <!-- TestRunner -->
    </test> <!-- Login and Update Profile Test -->
  </suite> <!-- BDD Test Suite -->
</testng-results>
